<?xml version="1.0" encoding="UTF-8"?>
<testsuites name="jest tests" tests="14" failures="0" time="2.443">
  <testsuite name="PanelManager" errors="0" failures="0" skipped="0" timestamp="2020-10-05T05:21:14" time="1.043" tests="3">
    <testcase classname="PanelManager renders null if no children passed" name="PanelManager renders null if no children passed" time="0.015">
    </testcase>
    <testcase classname="PanelManager renders a panel layout of one panel" name="PanelManager renders a panel layout of one panel" time="0.005">
    </testcase>
    <testcase classname="PanelManager " name="PanelManager " time="0.001">
    </testcase>
  </testsuite>
  <testsuite name="Panel" errors="0" failures="0" skipped="0" timestamp="2020-10-05T05:21:15" time="0.324" tests="1">
    <testcase classname="Panel renders" name="Panel renders" time="0.003">
    </testcase>
  </testsuite>
  <testsuite name="updateGraph" errors="0" failures="0" skipped="0" timestamp="2020-10-05T05:21:16" time="0.131" tests="5">
    <testcase classname="updateGraph should return the same graph if changeEvent doesn&apos;t have found node" name="updateGraph should return the same graph if changeEvent doesn&apos;t have found node" time="0.003">
    </testcase>
    <testcase classname="updateGraph should return return an expected new graph with 1% width decrease from left edge of panel B" name="updateGraph should return return an expected new graph with 1% width decrease from left edge of panel B" time="0.001">
    </testcase>
    <testcase classname="updateGraph should return return an expected new graph with 1% width increase from right edge of panel A" name="updateGraph should return return an expected new graph with 1% width increase from right edge of panel A" time="0">
    </testcase>
    <testcase classname="updateGraph should return return an expected new graph with 1% height increase from top edge of panel B" name="updateGraph should return return an expected new graph with 1% height increase from top edge of panel B" time="0.001">
    </testcase>
    <testcase classname="updateGraph should return return an expected new graph with 1% height decrease from bottom edge of panel A" name="updateGraph should return return an expected new graph with 1% height decrease from bottom edge of panel A" time="0">
    </testcase>
  </testsuite>
  <testsuite name="maximizePanel" errors="0" failures="0" skipped="0" timestamp="2020-10-05T05:21:16" time="0.121" tests="2">
    <testcase classname="maximizePanel returns the expected PanelGraph array data structure" name="maximizePanel returns the expected PanelGraph array data structure" time="0.001">
    </testcase>
    <testcase classname="maximizePanel throws if panelNodeId is null" name="maximizePanel throws if panelNodeId is null" time="0.002">
    </testcase>
  </testsuite>
  <testsuite name="minimizePanel" errors="0" failures="0" skipped="0" timestamp="2020-10-05T05:21:16" time="0.114" tests="3">
    <testcase classname="minimizePanel returns the expected PanelGraph array data structure removing A with right edge relationship to B" name="minimizePanel returns the expected PanelGraph array data structure removing A with right edge relationship to B" time="0.002">
    </testcase>
    <testcase classname="minimizePanel returns the expected PanelGraph array data structure removing B with left edge relationship to A" name="minimizePanel returns the expected PanelGraph array data structure removing B with left edge relationship to A" time="0">
    </testcase>
    <testcase classname="minimizePanel returns the original panel data if nodeIds is empty" name="minimizePanel returns the original panel data if nodeIds is empty" time="0.001">
    </testcase>
  </testsuite>
</testsuites>